C51 COMPILER V9.60.7.0   SWITCH_LED_GAME                                                   03/09/2023 23:54:16 PAGE 1   


C51 COMPILER V9.60.7.0, COMPILATION OF MODULE SWITCH_LED_GAME
OBJECT MODULE PLACED IN .\Objects\SWITCH_LED_Game.obj
COMPILER INVOKED BY: C:\Keil_v5\C51\BIN\C51.EXE SWITCH_LED_Game.C OPTIMIZE(8,SPEED) BROWSE DEBUG OBJECTEXTEND PRINT(.\Li
                    -stings\SWITCH_LED_Game.lst) TABS(2) OBJECT(.\Objects\SWITCH_LED_Game.obj)

line level    source

   1          #include <REGX51.H>
   2          
   3          sbit sw = P1^0;
   4          sbit led = P2^0;
   5          sbit led1 = P2^1;
   6          sbit led2 = P2^2;
   7          sbit led3 = P2^3;
   8          sbit led4 = P2^4;
   9          
  10          void delay (unsigned del);
  11          void game1 (void);
  12          void game2 (void);
  13          void start (void);
  14          
  15          void main(void){
  16   1        
  17   1        int flag = 1;
  18   1        int st =0;
  19   1        start();
  20   1        while(1){
  21   2          
  22   2          if ( sw == 0){if(flag==1){start();};flag=0; game2();}
  23   2          if ( sw == 1){if(flag==1){start();};flag=0;led=led1=led2=led3=led4=0;game1();}
  24   2        }
  25   1        
  26   1        }
  27            
  28          
  29          
  30          
  31          void game1 (void){
  32   1        
  33   1          led = ~led ;
  34   1          delay(16);
  35   1          led = ~led ;  
  36   1          led1 = ~led1 ;
  37   1          delay(16);
  38   1          
  39   1          led1 = ~led1 ;
  40   1          led2 = ~led2 ;
  41   1          delay(16);
  42   1          
  43   1          led2 = ~led2 ;
  44   1          led3 = ~led3;
  45   1          delay(16);
  46   1            
  47   1          led3 = ~led3;
  48   1          led4 = ~led4; 
  49   1          delay(16);
  50   1          led4 = ~led4; 
  51   1      }
  52          
  53          void game2 (void){
  54   1          led = ~led ;
C51 COMPILER V9.60.7.0   SWITCH_LED_GAME                                                   03/09/2023 23:54:16 PAGE 2   

  55   1          delay(16);
  56   1          
  57   1          led1 = ~led1 ;
  58   1          delay(16);
  59   1          
  60   1          led2 = ~led2 ;
  61   1          delay(16);
  62   1          
  63   1          led3 = ~led3;
  64   1          delay(16);
  65   1            
  66   1          led4 = ~led4; 
  67   1          delay(16);
  68   1      }
  69          void start (void){
  70   1        unsigned i = 0;
  71   1        for(i=0;i<5;i++){
  72   2          led=led1=led2=led3=led4=1;
  73   2          delay(8);
  74   2          led=led1=led2=led3=led4=0;
  75   2        }
  76   1          
  77   1      }
  78          
  79          void delay (unsigned del){
  80   1        
  81   1        unsigned loop = 0;
  82   1        unsigned delay_gen = 0;
  83   1        
  84   1        for(loop=0;loop<del;loop++){
  85   2          for(delay_gen=0;delay_gen<10000;delay_gen++);
  86   2        }
  87   1      
  88   1      }


MODULE INFORMATION:   STATIC OVERLAYABLE
   CODE SIZE        =    223    ----
   CONSTANT SIZE    =   ----    ----
   XDATA SIZE       =   ----    ----
   PDATA SIZE       =   ----    ----
   DATA SIZE        =   ----       6
   IDATA SIZE       =   ----    ----
   BIT SIZE         =   ----    ----
END OF MODULE INFORMATION.


C51 COMPILATION COMPLETE.  0 WARNING(S),  0 ERROR(S)
